# JRE version: OpenJDK Runtime Environment Temurin-21.0.1+12 (21.0.1+12) (build 21.0.1+12-LTS)
# Java VM: OpenJDK 64-Bit Server VM Temurin-21.0.1+12 (21.0.1+12-LTS, mixed mode, sharing, tiered, compressed oops, compressed class ptrs, g1 gc, windows-amd64)
GC Precious Log:
 CardTable entry size: 512
 Card Set container configuration: InlinePtr #cards 5 size 8 Array Of Cards #cards 12 size 40 Howl #buckets 4 coarsen threshold 1843 Howl Bitmap #cards 512 size 80 coarsen threshold 460 Card regions per heap region 1 cards per card region 2048
 CPUs: 4 total, 4 available
 Memory: 8066M
 Large Page Support: Disabled
 NUMA Support: Disabled
 Compressed Oops: Enabled (32-bit)
 Heap Region Size: 1M
 Heap Min Capacity: 8M
 Heap Initial Capacity: 128M
 Heap Max Capacity: 2018M
 Pre-touch: Disabled
 Parallel Workers: 4
 Concurrent Workers: 1
 Concurrent Refinement Workers: 4
 Periodic GC: Disabled
Heap:
 garbage-first heap   total 55296K, used 34468K [0x0000000081e00000, 0x0000000100000000)
  region size 1024K, 9 young (9216K), 3 survivors (3072K)
 Metaspace       used 69160K, committed 69824K, reserved 1114112K
  class space    used 9543K, committed 9792K, reserved 1048576K
GC Heap History (20 events):
Event: 9.482 GC heap before
{Heap before GC invocations=6 (full 0):
 garbage-first heap   total 55296K, used 41352K [0x0000000081e00000, 0x0000000100000000)
  region size 1024K, 28 young (28672K), 3 survivors (3072K)
 Metaspace       used 29332K, committed 29824K, reserved 1114112K
  class space    used 3838K, committed 4032K, reserved 1048576K
}
Event: 9.497 GC heap after
{Heap after GC invocations=7 (full 0):
 garbage-first heap   total 55296K, used 18107K [0x0000000081e00000, 0x0000000100000000)
  region size 1024K, 3 young (3072K), 3 survivors (3072K)
 Metaspace       used 29332K, committed 29824K, reserved 1114112K
  class space    used 3838K, committed 4032K, reserved 1048576K
}
Event: 11.647 GC heap before
{Heap before GC invocations=7 (full 0):
 garbage-first heap   total 55296K, used 43707K [0x0000000081e00000, 0x0000000100000000)
  region size 1024K, 28 young (28672K), 3 survivors (3072K)
 Metaspace       used 34795K, committed 35328K, reserved 1114112K
  class space    used 4578K, committed 4800K, reserved 1048576K
}
Event: 11.664 GC heap after
{Heap after GC invocations=8 (full 0):
 garbage-first heap   total 55296K, used 20404K [0x0000000081e00000, 0x0000000100000000)
  region size 1024K, 4 young (4096K), 4 survivors (4096K)
 Metaspace       used 34795K, committed 35328K, reserved 1114112K
  class space    used 4578K, committed 4800K, reserved 1048576K
}
Event: 12.386 GC heap before
{Heap before GC invocations=8 (full 0):
 garbage-first heap   total 55296K, used 28596K [0x0000000081e00000, 0x0000000100000000)
  region size 1024K, 13 young (13312K), 4 survivors (4096K)
 Metaspace       used 35480K, committed 35968K, reserved 1114112K
  class space    used 4690K, committed 4928K, reserved 1048576K
}
Event: 12.402 GC heap after
{Heap after GC invocations=9 (full 0):
 garbage-first heap   total 55296K, used 21385K [0x0000000081e00000, 0x0000000100000000)
  region size 1024K, 1 young (1024K), 1 survivors (1024K)
 Metaspace       used 35480K, committed 35968K, reserved 1114112K
  class space    used 4690K, committed 4928K, reserved 1048576K
}
Event: 13.957 GC heap before
{Heap before GC invocations=10 (full 0):
 garbage-first heap   total 55296K, used 43913K [0x0000000081e00000, 0x0000000100000000)
  region size 1024K, 24 young (24576K), 1 survivors (1024K)
 Metaspace       used 42681K, committed 43200K, reserved 1114112K
  class space    used 5533K, committed 5760K, reserved 1048576K
}
Event: 13.964 GC heap after
{Heap after GC invocations=11 (full 0):
 garbage-first heap   total 55296K, used 23079K [0x0000000081e00000, 0x0000000100000000)
  region size 1024K, 3 young (3072K), 3 survivors (3072K)
 Metaspace       used 42681K, committed 43200K, reserved 1114112K
  class space    used 5533K, committed 5760K, reserved 1048576K
}
Event: 15.160 GC heap before
{Heap before GC invocations=11 (full 0):
 garbage-first heap   total 55296K, used 45607K [0x0000000081e00000, 0x0000000100000000)
  region size 1024K, 25 young (25600K), 3 survivors (3072K)
 Metaspace       used 48591K, committed 49152K, reserved 1114112K
  class space    used 6464K, committed 6720K, reserved 1048576K
}
Event: 15.170 GC heap after
{Heap after GC invocations=12 (full 0):
 garbage-first heap   total 55296K, used 23677K [0x0000000081e00000, 0x0000000100000000)
  region size 1024K, 3 young (3072K), 3 survivors (3072K)
 Metaspace       used 48591K, committed 49152K, reserved 1114112K
  class space    used 6464K, committed 6720K, reserved 1048576K
}
Event: 16.441 GC heap before
{Heap before GC invocations=12 (full 0):
 garbage-first heap   total 55296K, used 46205K [0x0000000081e00000, 0x0000000100000000)
  region size 1024K, 26 young (26624K), 3 survivors (3072K)
 Metaspace       used 55733K, committed 56320K, reserved 1114112K
  class space    used 7446K, committed 7744K, reserved 1048576K
}
Event: 16.452 GC heap after
{Heap after GC invocations=13 (full 0):
 garbage-first heap   total 55296K, used 24712K [0x0000000081e00000, 0x0000000100000000)
  region size 1024K, 2 young (2048K), 2 survivors (2048K)
 Metaspace       used 55733K, committed 56320K, reserved 1114112K
  class space    used 7446K, committed 7744K, reserved 1048576K
}
Event: 17.374 GC heap before
{Heap before GC invocations=13 (full 0):
 garbage-first heap   total 55296K, used 41096K [0x0000000081e00000, 0x0000000100000000)
  region size 1024K, 20 young (20480K), 2 survivors (2048K)
 Metaspace       used 59624K, committed 60288K, reserved 1114112K
  class space    used 8142K, committed 8448K, reserved 1048576K
}
Event: 17.381 GC heap after
{Heap after GC invocations=14 (full 0):
 garbage-first heap   total 55296K, used 25592K [0x0000000081e00000, 0x0000000100000000)
  region size 1024K, 3 young (3072K), 3 survivors (3072K)
 Metaspace       used 59624K, committed 60288K, reserved 1114112K
  class space    used 8142K, committed 8448K, reserved 1048576K
}
Event: 18.641 GC heap before
{Heap before GC invocations=15 (full 0):
 garbage-first heap   total 55296K, used 47096K [0x0000000081e00000, 0x0000000100000000)
  region size 1024K, 24 young (24576K), 3 survivors (3072K)
 Metaspace       used 64176K, committed 64832K, reserved 1114112K
  class space    used 8808K, committed 9088K, reserved 1048576K
}
Event: 18.655 GC heap after
{Heap after GC invocations=16 (full 0):
 garbage-first heap   total 55296K, used 27195K [0x0000000081e00000, 0x0000000100000000)
  region size 1024K, 3 young (3072K), 3 survivors (3072K)
 Metaspace       used 64176K, committed 64832K, reserved 1114112K
  class space    used 8808K, committed 9088K, reserved 1048576K
}
Event: 19.462 GC heap before
{Heap before GC invocations=16 (full 0):
 garbage-first heap   total 55296K, used 46651K [0x0000000081e00000, 0x0000000100000000)
  region size 1024K, 22 young (22528K), 3 survivors (3072K)
 Metaspace       used 65951K, committed 66624K, reserved 1114112K
  class space    used 9056K, committed 9344K, reserved 1048576K
}
Event: 19.469 GC heap after
{Heap after GC invocations=17 (full 0):
 garbage-first heap   total 55296K, used 27817K [0x0000000081e00000, 0x0000000100000000)
  region size 1024K, 2 young (2048K), 2 survivors (2048K)
 Metaspace       used 65951K, committed 66624K, reserved 1114112K
  class space    used 9056K, committed 9344K, reserved 1048576K
}
Event: 22.115 GC heap before
{Heap before GC invocations=17 (full 0):
 garbage-first heap   total 55296K, used 47273K [0x0000000081e00000, 0x0000000100000000)
  region size 1024K, 21 young (21504K), 2 survivors (2048K)
 Metaspace       used 68389K, committed 69056K, reserved 1114112K
  class space    used 9396K, committed 9664K, reserved 1048576K
}
Event: 22.122 GC heap after
{Heap after GC invocations=18 (full 0):
 garbage-first heap   total 55296K, used 29348K [0x0000000081e00000, 0x0000000100000000)
  region size 1024K, 3 young (3072K), 3 survivors (3072K)
 Metaspace       used 68389K, committed 69056K, reserved 1114112K
  class space    used 9396K, committed 9664K, reserved 1048576K
}

